2025-02-20 14:21:52,983 INFO o.a.j.u.JMeterUtils: Setting Locale to ru_RU
2025-02-20 14:21:53,002 ERROR o.a.j.u.JMeterUtils: Could not find resources for 'ru_RU'
2025-02-20 14:21:53,003 INFO o.a.j.JMeter: Loading user properties from: user.properties
2025-02-20 14:21:53,004 INFO o.a.j.JMeter: Loading system properties from: system.properties
2025-02-20 14:21:53,010 INFO o.a.j.JMeter: Copyright (c) 1998-2024 The Apache Software Foundation
2025-02-20 14:21:53,010 INFO o.a.j.JMeter: Version 5.6.3
2025-02-20 14:21:53,011 INFO o.a.j.JMeter: java.version=17.0.12
2025-02-20 14:21:53,011 INFO o.a.j.JMeter: java.vm.name=Java HotSpot(TM) 64-Bit Server VM
2025-02-20 14:21:53,011 INFO o.a.j.JMeter: os.name=Windows 10
2025-02-20 14:21:53,011 INFO o.a.j.JMeter: os.arch=amd64
2025-02-20 14:21:53,011 INFO o.a.j.JMeter: os.version=10.0
2025-02-20 14:21:53,011 INFO o.a.j.JMeter: file.encoding=Cp1251
2025-02-20 14:21:53,011 INFO o.a.j.JMeter: java.awt.headless=null
2025-02-20 14:21:53,011 INFO o.a.j.JMeter: Max memory     =4280287232
2025-02-20 14:21:53,011 INFO o.a.j.JMeter: Available Processors =6
2025-02-20 14:21:53,019 INFO o.a.j.JMeter: Default Locale=русский (Россия)
2025-02-20 14:21:53,019 INFO o.a.j.JMeter: JMeter  Locale=русский (Россия)
2025-02-20 14:21:53,019 INFO o.a.j.JMeter: JMeterHome=C:\Users\FedosPopados\IdeaProjects\tacocloud\apache-jmeter-5.6.3
2025-02-20 14:21:53,019 INFO o.a.j.JMeter: user.dir  =C:\Users\FedosPopados\IdeaProjects\tacocloud\apache-jmeter-5.6.3\bin
2025-02-20 14:21:53,020 INFO o.a.j.JMeter: PWD       =C:\Users\FedosPopados\IdeaProjects\tacocloud\apache-jmeter-5.6.3\bin
2025-02-20 14:21:57,557 INFO o.a.j.JMeter: IP: 26.162.117.149 Name: DESKTOP-NOOVE2M FullName: DESKTOP-NOOVE2M
2025-02-20 14:21:57,571 INFO o.a.j.JMeter: Loaded icon properties from org/apache/jmeter/images/icon.properties
2025-02-20 14:21:58,076 INFO o.a.j.JMeterGuiLauncher: Setting LAF to: com.github.weisj.darklaf.DarkLaf:com.github.weisj.darklaf.theme.DarculaTheme
2025-02-20 14:23:35,856 INFO o.a.j.p.h.s.HTTPSamplerBase: Parser for text/html is org.apache.jmeter.protocol.http.parser.LagartoBasedHtmlParser
2025-02-20 14:23:35,857 INFO o.a.j.p.h.s.HTTPSamplerBase: Parser for application/xhtml+xml is org.apache.jmeter.protocol.http.parser.LagartoBasedHtmlParser
2025-02-20 14:23:35,857 INFO o.a.j.p.h.s.HTTPSamplerBase: Parser for application/xml is org.apache.jmeter.protocol.http.parser.LagartoBasedHtmlParser
2025-02-20 14:23:35,857 INFO o.a.j.p.h.s.HTTPSamplerBase: Parser for text/xml is org.apache.jmeter.protocol.http.parser.LagartoBasedHtmlParser
2025-02-20 14:23:35,857 INFO o.a.j.p.h.s.HTTPSamplerBase: Parser for text/vnd.wap.wml is org.apache.jmeter.protocol.http.parser.RegexpHTMLParser
2025-02-20 14:23:35,857 INFO o.a.j.p.h.s.HTTPSamplerBase: Parser for text/css is org.apache.jmeter.protocol.http.parser.CssParser
2025-02-20 14:24:46,549 INFO o.a.j.s.SampleResult: Note: Sample TimeStamps are START times
2025-02-20 14:24:46,550 INFO o.a.j.s.SampleResult: sampleresult.default.encoding is set to UTF-8
2025-02-20 14:24:46,550 INFO o.a.j.s.SampleResult: sampleresult.useNanoTime=true
2025-02-20 14:24:46,550 INFO o.a.j.s.SampleResult: sampleresult.nanoThreadSleep=5000
2025-02-20 14:25:45,346 INFO o.a.j.s.FileServer: Default base='C:\Users\FedosPopados\IdeaProjects\tacocloud\apache-jmeter-5.6.3\bin'
2025-02-20 14:25:45,346 INFO o.a.j.s.FileServer: Set new base='C:\Users\FedosPopados\IdeaProjects\tacocloud\apache-jmeter-5.6.3\bin\T'
2025-02-20 14:25:45,536 INFO o.a.j.s.SaveService: Testplan (JMX) version: 2.2. Testlog (JTL) version: 2.2
2025-02-20 14:25:45,555 INFO o.a.j.s.SaveService: Using SaveService properties version 5.0
2025-02-20 14:25:45,557 INFO o.a.j.s.SaveService: Using SaveService properties file encoding UTF-8
2025-02-20 14:26:21,304 ERROR o.a.j.g.a.Save: Error saving tree.
java.io.FileNotFoundException: C:\Users\FedosPopados\IdeaProjects\tacocloud\apache-jmeter-5.6.3\bin\T\View Results Tree.jmx (Системе не удается найти указанный путь)
	at java.base/java.io.FileOutputStream.open0(Native Method) ~[?:?]
	at java.base/java.io.FileOutputStream.open(FileOutputStream.java:293) ~[?:?]
	at java.base/java.io.FileOutputStream.<init>(FileOutputStream.java:235) ~[?:?]
	at java.base/java.io.FileOutputStream.<init>(FileOutputStream.java:123) ~[?:?]
	at org.apache.jmeter.gui.action.Save.backupAndSave(Save.java:261) ~[ApacheJMeter_core.jar:5.6.3]
	at org.apache.jmeter.gui.action.Save.doAction(Save.java:176) ~[ApacheJMeter_core.jar:5.6.3]
	at org.apache.jmeter.gui.action.ActionRouter.performAction(ActionRouter.java:83) ~[ApacheJMeter_core.jar:5.6.3]
	at org.apache.jmeter.gui.action.ActionRouter.doActionNow(ActionRouter.java:120) ~[ApacheJMeter_core.jar:5.6.3]
	at org.apache.jmeter.gui.action.AbstractAction.popupShouldSave(AbstractAction.java:79) ~[ApacheJMeter_core.jar:5.6.3]
	at org.apache.jmeter.gui.action.Start.doAction(Start.java:114) ~[ApacheJMeter_core.jar:5.6.3]
	at org.apache.jmeter.gui.action.ActionRouter.performAction(ActionRouter.java:83) ~[ApacheJMeter_core.jar:5.6.3]
	at org.apache.jmeter.gui.action.ActionRouter.lambda$actionPerformed$0(ActionRouter.java:65) ~[ApacheJMeter_core.jar:5.6.3]
	at java.desktop/java.awt.event.InvocationEvent.dispatch(InvocationEvent.java:318) ~[?:?]
	at java.desktop/java.awt.EventQueue.dispatchEventImpl(EventQueue.java:771) ~[?:?]
	at java.desktop/java.awt.EventQueue$4.run(EventQueue.java:722) ~[?:?]
	at java.desktop/java.awt.EventQueue$4.run(EventQueue.java:716) ~[?:?]
	at java.base/java.security.AccessController.doPrivileged(AccessController.java:399) [?:?]
	at java.base/java.security.ProtectionDomain$JavaSecurityAccessImpl.doIntersectionPrivilege(ProtectionDomain.java:86) [?:?]
	at java.desktop/java.awt.EventQueue.dispatchEvent(EventQueue.java:741) [?:?]
	at java.desktop/java.awt.EventDispatchThread.pumpOneEventForFilters(EventDispatchThread.java:203) [?:?]
	at java.desktop/java.awt.EventDispatchThread.pumpEventsForFilter(EventDispatchThread.java:124) [?:?]
	at java.desktop/java.awt.EventDispatchThread.pumpEventsForHierarchy(EventDispatchThread.java:113) [?:?]
	at java.desktop/java.awt.EventDispatchThread.pumpEvents(EventDispatchThread.java:109) [?:?]
	at java.desktop/java.awt.EventDispatchThread.pumpEvents(EventDispatchThread.java:101) [?:?]
	at java.desktop/java.awt.EventDispatchThread.run(EventDispatchThread.java:90) [?:?]
2025-02-20 14:26:21,313 ERROR o.a.j.u.JMeterUtils: Couldn't save test plan to file: C:\Users\FedosPopados\IdeaProjects\tacocloud\apache-jmeter-5.6.3\bin\T\View Results Tree.jmx
C:\Users\FedosPopados\IdeaProjects\tacocloud\apache-jmeter-5.6.3\bin\T\View Results Tree.jmx (Системе не удается найти указанный путь)
2025-02-20 14:26:21,318 INFO o.a.j.e.StandardJMeterEngine: Running the test!
2025-02-20 14:26:21,319 INFO o.a.j.s.SampleEvent: List of sample_variables: []
2025-02-20 14:26:21,319 INFO o.a.j.s.SampleEvent: List of sample_variables: []
2025-02-20 14:26:21,321 INFO o.a.j.e.u.CompoundVariable: Note: Function class names must contain the string: '.functions.'
2025-02-20 14:26:21,321 INFO o.a.j.e.u.CompoundVariable: Note: Function class names must not contain the string: '.gui.'
2025-02-20 14:26:21,392 INFO o.a.j.g.u.JMeterMenuBar: setRunning(true, *local*)
2025-02-20 14:26:21,440 INFO o.a.j.e.StandardJMeterEngine: Starting ThreadGroup: 1 : Load Test
2025-02-20 14:26:21,440 INFO o.a.j.e.StandardJMeterEngine: Starting 15 threads for group Load Test.
2025-02-20 14:26:21,440 INFO o.a.j.e.StandardJMeterEngine: Thread will continue on error
2025-02-20 14:26:21,440 INFO o.a.j.t.ThreadGroup: Starting thread group... number=1 threads=15 ramp-up=1 delayedStart=false
2025-02-20 14:26:21,443 INFO o.a.j.t.JMeterThread: Thread started: Load Test 1-1
2025-02-20 14:26:21,446 INFO o.a.j.t.ThreadGroup: Started thread group number 1
2025-02-20 14:26:21,446 INFO o.a.j.e.StandardJMeterEngine: All thread groups have been started
2025-02-20 14:26:21,459 INFO o.a.j.p.h.s.HTTPHCAbstractImpl: Local host = DESKTOP-NOOVE2M
2025-02-20 14:26:21,466 INFO o.a.j.p.h.s.HTTPHC4Impl: HTTP request retry count = 0
2025-02-20 14:26:21,511 INFO o.a.j.t.JMeterThread: Thread started: Load Test 1-2
2025-02-20 14:26:21,577 INFO o.a.j.t.JMeterThread: Thread started: Load Test 1-3
2025-02-20 14:26:21,644 INFO o.a.j.t.JMeterThread: Thread started: Load Test 1-4
2025-02-20 14:26:21,709 INFO o.a.j.t.JMeterThread: Thread started: Load Test 1-5
2025-02-20 14:26:21,777 INFO o.a.j.t.JMeterThread: Thread started: Load Test 1-6
2025-02-20 14:26:21,845 INFO o.a.j.t.JMeterThread: Thread started: Load Test 1-7
2025-02-20 14:26:21,913 INFO o.a.j.t.JMeterThread: Thread started: Load Test 1-8
2025-02-20 14:26:21,980 INFO o.a.j.t.JMeterThread: Thread started: Load Test 1-9
2025-02-20 14:26:22,047 INFO o.a.j.t.JMeterThread: Thread started: Load Test 1-10
2025-02-20 14:26:22,112 INFO o.a.j.t.JMeterThread: Thread started: Load Test 1-11
2025-02-20 14:26:22,180 INFO o.a.j.t.JMeterThread: Thread started: Load Test 1-12
2025-02-20 14:26:22,246 INFO o.a.j.t.JMeterThread: Thread started: Load Test 1-13
2025-02-20 14:26:22,317 INFO o.a.j.t.JMeterThread: Thread started: Load Test 1-14
2025-02-20 14:26:22,368 INFO o.a.j.t.JMeterThread: Thread is done: Load Test 1-7
2025-02-20 14:26:22,369 INFO o.a.j.t.JMeterThread: Thread finished: Load Test 1-7
2025-02-20 14:26:22,372 INFO o.a.j.t.JMeterThread: Thread is done: Load Test 1-10
2025-02-20 14:26:22,373 INFO o.a.j.t.JMeterThread: Thread finished: Load Test 1-10
2025-02-20 14:26:22,380 INFO o.a.j.t.JMeterThread: Thread is done: Load Test 1-5
2025-02-20 14:26:22,380 INFO o.a.j.t.JMeterThread: Thread finished: Load Test 1-5
2025-02-20 14:26:22,380 INFO o.a.j.t.JMeterThread: Thread started: Load Test 1-15
2025-02-20 14:26:22,399 INFO o.a.j.t.JMeterThread: Thread is done: Load Test 1-9
2025-02-20 14:26:22,399 INFO o.a.j.t.JMeterThread: Thread finished: Load Test 1-9
2025-02-20 14:26:22,422 INFO o.a.j.t.JMeterThread: Thread is done: Load Test 1-4
2025-02-20 14:26:22,422 INFO o.a.j.t.JMeterThread: Thread finished: Load Test 1-4
2025-02-20 14:26:22,422 INFO o.a.j.t.JMeterThread: Thread is done: Load Test 1-6
2025-02-20 14:26:22,423 INFO o.a.j.t.JMeterThread: Thread finished: Load Test 1-6
2025-02-20 14:26:22,430 INFO o.a.j.t.JMeterThread: Thread is done: Load Test 1-8
2025-02-20 14:26:22,430 INFO o.a.j.t.JMeterThread: Thread finished: Load Test 1-8
2025-02-20 14:26:22,431 INFO o.a.j.t.JMeterThread: Thread is done: Load Test 1-12
2025-02-20 14:26:22,431 INFO o.a.j.t.JMeterThread: Thread finished: Load Test 1-12
2025-02-20 14:26:22,433 INFO o.a.j.t.JMeterThread: Thread is done: Load Test 1-13
2025-02-20 14:26:22,433 INFO o.a.j.t.JMeterThread: Thread finished: Load Test 1-13
2025-02-20 14:26:22,439 INFO o.a.j.t.JMeterThread: Thread is done: Load Test 1-11
2025-02-20 14:26:22,439 INFO o.a.j.t.JMeterThread: Thread finished: Load Test 1-11
2025-02-20 14:26:22,440 INFO o.a.j.t.JMeterThread: Thread is done: Load Test 1-3
2025-02-20 14:26:22,441 INFO o.a.j.t.JMeterThread: Thread finished: Load Test 1-3
2025-02-20 14:26:22,445 INFO o.a.j.t.JMeterThread: Thread is done: Load Test 1-2
2025-02-20 14:26:22,445 INFO o.a.j.t.JMeterThread: Thread finished: Load Test 1-2
2025-02-20 14:26:22,456 INFO o.a.j.t.JMeterThread: Thread is done: Load Test 1-14
2025-02-20 14:26:22,456 INFO o.a.j.t.JMeterThread: Thread finished: Load Test 1-14
2025-02-20 14:26:22,470 INFO o.a.j.t.JMeterThread: Thread is done: Load Test 1-1
2025-02-20 14:26:22,471 INFO o.a.j.t.JMeterThread: Thread finished: Load Test 1-1
2025-02-20 14:26:22,488 INFO o.a.j.t.JMeterThread: Thread is done: Load Test 1-15
2025-02-20 14:26:22,488 INFO o.a.j.t.JMeterThread: Thread finished: Load Test 1-15
2025-02-20 14:26:22,488 INFO o.a.j.e.StandardJMeterEngine: Notifying test listeners of end of test
2025-02-20 14:26:22,489 INFO o.a.j.g.u.JMeterMenuBar: setRunning(false, *local*)
2025-02-20 14:26:30,451 ERROR o.a.j.g.a.Save: Error saving tree.
java.io.FileNotFoundException: C:\Users\FedosPopados\IdeaProjects\tacocloud\apache-jmeter-5.6.3\bin\T\View Results Tree.jmx (Системе не удается найти указанный путь)
	at java.base/java.io.FileOutputStream.open0(Native Method) ~[?:?]
	at java.base/java.io.FileOutputStream.open(FileOutputStream.java:293) ~[?:?]
	at java.base/java.io.FileOutputStream.<init>(FileOutputStream.java:235) ~[?:?]
	at java.base/java.io.FileOutputStream.<init>(FileOutputStream.java:123) ~[?:?]
	at org.apache.jmeter.gui.action.Save.backupAndSave(Save.java:261) ~[ApacheJMeter_core.jar:5.6.3]
	at org.apache.jmeter.gui.action.Save.doAction(Save.java:176) ~[ApacheJMeter_core.jar:5.6.3]
	at org.apache.jmeter.gui.action.ActionRouter.performAction(ActionRouter.java:83) ~[ApacheJMeter_core.jar:5.6.3]
	at org.apache.jmeter.gui.action.ActionRouter.lambda$actionPerformed$0(ActionRouter.java:65) ~[ApacheJMeter_core.jar:5.6.3]
	at java.desktop/java.awt.event.InvocationEvent.dispatch(InvocationEvent.java:318) ~[?:?]
	at java.desktop/java.awt.EventQueue.dispatchEventImpl(EventQueue.java:771) ~[?:?]
	at java.desktop/java.awt.EventQueue$4.run(EventQueue.java:722) ~[?:?]
	at java.desktop/java.awt.EventQueue$4.run(EventQueue.java:716) ~[?:?]
	at java.base/java.security.AccessController.doPrivileged(AccessController.java:399) [?:?]
	at java.base/java.security.ProtectionDomain$JavaSecurityAccessImpl.doIntersectionPrivilege(ProtectionDomain.java:86) [?:?]
	at java.desktop/java.awt.EventQueue.dispatchEvent(EventQueue.java:741) [?:?]
	at java.desktop/java.awt.EventDispatchThread.pumpOneEventForFilters(EventDispatchThread.java:203) [?:?]
	at java.desktop/java.awt.EventDispatchThread.pumpEventsForFilter(EventDispatchThread.java:124) [?:?]
	at java.desktop/java.awt.EventDispatchThread.pumpEventsForHierarchy(EventDispatchThread.java:113) [?:?]
	at java.desktop/java.awt.EventDispatchThread.pumpEvents(EventDispatchThread.java:109) [?:?]
	at java.desktop/java.awt.EventDispatchThread.pumpEvents(EventDispatchThread.java:101) [?:?]
	at java.desktop/java.awt.EventDispatchThread.run(EventDispatchThread.java:90) [?:?]
2025-02-20 14:26:30,451 ERROR o.a.j.u.JMeterUtils: Couldn't save test plan to file: C:\Users\FedosPopados\IdeaProjects\tacocloud\apache-jmeter-5.6.3\bin\T\View Results Tree.jmx
C:\Users\FedosPopados\IdeaProjects\tacocloud\apache-jmeter-5.6.3\bin\T\View Results Tree.jmx (Системе не удается найти указанный путь)
2025-02-20 14:26:39,103 INFO o.a.j.g.a.Load: Loading file: C:\Users\FedosPopados\IdeaProjects\tacocloud\apache-jmeter-5.6.3\bin\TestTaco\View Results Tree.jmx
2025-02-20 14:26:39,103 INFO o.a.j.s.FileServer: Set new base='C:\Users\FedosPopados\IdeaProjects\tacocloud\apache-jmeter-5.6.3\bin\TestTaco'
2025-02-20 14:26:39,104 INFO o.a.j.s.SaveService: Loading file: C:\Users\FedosPopados\IdeaProjects\tacocloud\apache-jmeter-5.6.3\bin\TestTaco\View Results Tree.jmx
2025-02-20 14:26:39,203 INFO o.a.j.s.FileServer: Set new base='C:\Users\FedosPopados\IdeaProjects\tacocloud\apache-jmeter-5.6.3\bin\TestTaco'
2025-02-20 14:26:45,453 INFO o.a.j.e.StandardJMeterEngine: Running the test!
2025-02-20 14:26:45,454 INFO o.a.j.s.SampleEvent: List of sample_variables: []
2025-02-20 14:26:45,454 INFO o.a.j.g.u.JMeterMenuBar: setRunning(true, *local*)
2025-02-20 14:26:45,496 INFO o.a.j.e.StandardJMeterEngine: Starting ThreadGroup: 1 : Load Test
2025-02-20 14:26:45,496 INFO o.a.j.e.StandardJMeterEngine: Starting 15 threads for group Load Test.
2025-02-20 14:26:45,497 INFO o.a.j.e.StandardJMeterEngine: Thread will continue on error
2025-02-20 14:26:45,497 INFO o.a.j.t.ThreadGroup: Starting thread group... number=1 threads=15 ramp-up=1 delayedStart=false
2025-02-20 14:26:45,498 INFO o.a.j.t.JMeterThread: Thread started: Load Test 1-1
2025-02-20 14:26:45,500 INFO o.a.j.t.ThreadGroup: Started thread group number 1
2025-02-20 14:26:45,501 INFO o.a.j.e.StandardJMeterEngine: All thread groups have been started
2025-02-20 14:26:45,529 INFO o.a.j.t.JMeterThread: Thread is done: Load Test 1-1
2025-02-20 14:26:45,530 INFO o.a.j.t.JMeterThread: Thread finished: Load Test 1-1
2025-02-20 14:26:45,566 INFO o.a.j.t.JMeterThread: Thread started: Load Test 1-2
2025-02-20 14:26:45,595 INFO o.a.j.t.JMeterThread: Thread is done: Load Test 1-2
2025-02-20 14:26:45,595 INFO o.a.j.t.JMeterThread: Thread finished: Load Test 1-2
2025-02-20 14:26:45,635 INFO o.a.j.t.JMeterThread: Thread started: Load Test 1-3
2025-02-20 14:26:45,662 INFO o.a.j.t.JMeterThread: Thread is done: Load Test 1-3
2025-02-20 14:26:45,662 INFO o.a.j.t.JMeterThread: Thread finished: Load Test 1-3
2025-02-20 14:26:45,703 INFO o.a.j.t.JMeterThread: Thread started: Load Test 1-4
2025-02-20 14:26:45,738 INFO o.a.j.t.JMeterThread: Thread is done: Load Test 1-4
2025-02-20 14:26:45,738 INFO o.a.j.t.JMeterThread: Thread finished: Load Test 1-4
2025-02-20 14:26:45,770 INFO o.a.j.t.JMeterThread: Thread started: Load Test 1-5
2025-02-20 14:26:45,797 INFO o.a.j.t.JMeterThread: Thread is done: Load Test 1-5
2025-02-20 14:26:45,797 INFO o.a.j.t.JMeterThread: Thread finished: Load Test 1-5
2025-02-20 14:26:45,834 INFO o.a.j.t.JMeterThread: Thread started: Load Test 1-6
2025-02-20 14:26:45,858 INFO o.a.j.t.JMeterThread: Thread is done: Load Test 1-6
2025-02-20 14:26:45,858 INFO o.a.j.t.JMeterThread: Thread finished: Load Test 1-6
2025-02-20 14:26:45,904 INFO o.a.j.t.JMeterThread: Thread started: Load Test 1-7
2025-02-20 14:26:45,927 INFO o.a.j.t.JMeterThread: Thread is done: Load Test 1-7
2025-02-20 14:26:45,927 INFO o.a.j.t.JMeterThread: Thread finished: Load Test 1-7
2025-02-20 14:26:45,968 INFO o.a.j.t.JMeterThread: Thread started: Load Test 1-8
2025-02-20 14:26:45,999 INFO o.a.j.t.JMeterThread: Thread is done: Load Test 1-8
2025-02-20 14:26:46,000 INFO o.a.j.t.JMeterThread: Thread finished: Load Test 1-8
2025-02-20 14:26:46,037 INFO o.a.j.t.JMeterThread: Thread started: Load Test 1-9
2025-02-20 14:26:46,062 INFO o.a.j.t.JMeterThread: Thread is done: Load Test 1-9
2025-02-20 14:26:46,062 INFO o.a.j.t.JMeterThread: Thread finished: Load Test 1-9
2025-02-20 14:26:46,104 INFO o.a.j.t.JMeterThread: Thread started: Load Test 1-10
2025-02-20 14:26:46,128 INFO o.a.j.t.JMeterThread: Thread is done: Load Test 1-10
2025-02-20 14:26:46,128 INFO o.a.j.t.JMeterThread: Thread finished: Load Test 1-10
2025-02-20 14:26:46,170 INFO o.a.j.t.JMeterThread: Thread started: Load Test 1-11
2025-02-20 14:26:46,195 INFO o.a.j.t.JMeterThread: Thread is done: Load Test 1-11
2025-02-20 14:26:46,195 INFO o.a.j.t.JMeterThread: Thread finished: Load Test 1-11
2025-02-20 14:26:46,235 INFO o.a.j.t.JMeterThread: Thread started: Load Test 1-12
2025-02-20 14:26:46,263 INFO o.a.j.t.JMeterThread: Thread is done: Load Test 1-12
2025-02-20 14:26:46,263 INFO o.a.j.t.JMeterThread: Thread finished: Load Test 1-12
2025-02-20 14:26:46,303 INFO o.a.j.t.JMeterThread: Thread started: Load Test 1-13
2025-02-20 14:26:46,324 INFO o.a.j.t.JMeterThread: Thread is done: Load Test 1-13
2025-02-20 14:26:46,324 INFO o.a.j.t.JMeterThread: Thread finished: Load Test 1-13
2025-02-20 14:26:46,369 INFO o.a.j.t.JMeterThread: Thread started: Load Test 1-14
2025-02-20 14:26:46,396 INFO o.a.j.t.JMeterThread: Thread is done: Load Test 1-14
2025-02-20 14:26:46,397 INFO o.a.j.t.JMeterThread: Thread finished: Load Test 1-14
2025-02-20 14:26:46,436 INFO o.a.j.t.JMeterThread: Thread started: Load Test 1-15
2025-02-20 14:26:46,456 INFO o.a.j.t.JMeterThread: Thread is done: Load Test 1-15
2025-02-20 14:26:46,456 INFO o.a.j.t.JMeterThread: Thread finished: Load Test 1-15
2025-02-20 14:26:46,456 INFO o.a.j.e.StandardJMeterEngine: Notifying test listeners of end of test
2025-02-20 14:26:46,457 INFO o.a.j.g.u.JMeterMenuBar: setRunning(false, *local*)
2025-02-20 14:27:52,505 INFO o.a.j.e.StandardJMeterEngine: Running the test!
2025-02-20 14:27:52,505 INFO o.a.j.s.SampleEvent: List of sample_variables: []
2025-02-20 14:27:52,506 INFO o.a.j.g.u.JMeterMenuBar: setRunning(true, *local*)
2025-02-20 14:27:52,549 INFO o.a.j.e.StandardJMeterEngine: Starting ThreadGroup: 1 : Load Test
2025-02-20 14:27:52,549 INFO o.a.j.e.StandardJMeterEngine: Starting 15 threads for group Load Test.
2025-02-20 14:27:52,549 INFO o.a.j.e.StandardJMeterEngine: Thread will continue on error
2025-02-20 14:27:52,549 INFO o.a.j.t.ThreadGroup: Starting thread group... number=1 threads=15 ramp-up=1 delayedStart=false
2025-02-20 14:27:52,550 INFO o.a.j.t.JMeterThread: Thread started: Load Test 1-1
2025-02-20 14:27:52,552 INFO o.a.j.t.ThreadGroup: Started thread group number 1
2025-02-20 14:27:52,552 INFO o.a.j.e.StandardJMeterEngine: All thread groups have been started
2025-02-20 14:27:52,617 INFO o.a.j.t.JMeterThread: Thread started: Load Test 1-2
2025-02-20 14:27:52,630 INFO o.a.j.t.JMeterThread: Thread is done: Load Test 1-2
2025-02-20 14:27:52,631 INFO o.a.j.t.JMeterThread: Thread finished: Load Test 1-2
2025-02-20 14:27:52,635 INFO o.a.j.t.JMeterThread: Thread is done: Load Test 1-1
2025-02-20 14:27:52,635 INFO o.a.j.t.JMeterThread: Thread finished: Load Test 1-1
2025-02-20 14:27:52,688 INFO o.a.j.t.JMeterThread: Thread started: Load Test 1-3
2025-02-20 14:27:52,700 INFO o.a.j.t.JMeterThread: Thread is done: Load Test 1-3
2025-02-20 14:27:52,700 INFO o.a.j.t.JMeterThread: Thread finished: Load Test 1-3
2025-02-20 14:27:52,756 INFO o.a.j.t.JMeterThread: Thread started: Load Test 1-4
2025-02-20 14:27:52,768 INFO o.a.j.t.JMeterThread: Thread is done: Load Test 1-4
2025-02-20 14:27:52,768 INFO o.a.j.t.JMeterThread: Thread finished: Load Test 1-4
2025-02-20 14:27:52,818 INFO o.a.j.t.JMeterThread: Thread started: Load Test 1-5
2025-02-20 14:27:52,830 INFO o.a.j.t.JMeterThread: Thread is done: Load Test 1-5
2025-02-20 14:27:52,830 INFO o.a.j.t.JMeterThread: Thread finished: Load Test 1-5
2025-02-20 14:27:52,886 INFO o.a.j.t.JMeterThread: Thread started: Load Test 1-6
2025-02-20 14:27:52,898 INFO o.a.j.t.JMeterThread: Thread is done: Load Test 1-6
2025-02-20 14:27:52,898 INFO o.a.j.t.JMeterThread: Thread finished: Load Test 1-6
2025-02-20 14:27:52,953 INFO o.a.j.t.JMeterThread: Thread started: Load Test 1-7
2025-02-20 14:27:52,965 INFO o.a.j.t.JMeterThread: Thread is done: Load Test 1-7
2025-02-20 14:27:52,965 INFO o.a.j.t.JMeterThread: Thread finished: Load Test 1-7
2025-02-20 14:27:53,021 INFO o.a.j.t.JMeterThread: Thread started: Load Test 1-8
2025-02-20 14:27:53,033 INFO o.a.j.t.JMeterThread: Thread is done: Load Test 1-8
2025-02-20 14:27:53,033 INFO o.a.j.t.JMeterThread: Thread finished: Load Test 1-8
2025-02-20 14:27:53,088 INFO o.a.j.t.JMeterThread: Thread started: Load Test 1-9
2025-02-20 14:27:53,100 INFO o.a.j.t.JMeterThread: Thread is done: Load Test 1-9
2025-02-20 14:27:53,100 INFO o.a.j.t.JMeterThread: Thread finished: Load Test 1-9
2025-02-20 14:27:53,155 INFO o.a.j.t.JMeterThread: Thread started: Load Test 1-10
2025-02-20 14:27:53,165 INFO o.a.j.t.JMeterThread: Thread is done: Load Test 1-10
2025-02-20 14:27:53,166 INFO o.a.j.t.JMeterThread: Thread finished: Load Test 1-10
2025-02-20 14:27:53,221 INFO o.a.j.t.JMeterThread: Thread started: Load Test 1-11
2025-02-20 14:27:53,232 INFO o.a.j.t.JMeterThread: Thread is done: Load Test 1-11
2025-02-20 14:27:53,232 INFO o.a.j.t.JMeterThread: Thread finished: Load Test 1-11
2025-02-20 14:27:53,288 INFO o.a.j.t.JMeterThread: Thread started: Load Test 1-12
2025-02-20 14:27:53,299 INFO o.a.j.t.JMeterThread: Thread is done: Load Test 1-12
2025-02-20 14:27:53,299 INFO o.a.j.t.JMeterThread: Thread finished: Load Test 1-12
2025-02-20 14:27:53,354 INFO o.a.j.t.JMeterThread: Thread started: Load Test 1-13
2025-02-20 14:27:53,366 INFO o.a.j.t.JMeterThread: Thread is done: Load Test 1-13
2025-02-20 14:27:53,366 INFO o.a.j.t.JMeterThread: Thread finished: Load Test 1-13
2025-02-20 14:27:53,424 INFO o.a.j.t.JMeterThread: Thread started: Load Test 1-14
2025-02-20 14:27:53,434 INFO o.a.j.t.JMeterThread: Thread is done: Load Test 1-14
2025-02-20 14:27:53,434 INFO o.a.j.t.JMeterThread: Thread finished: Load Test 1-14
2025-02-20 14:27:53,490 INFO o.a.j.t.JMeterThread: Thread started: Load Test 1-15
2025-02-20 14:27:53,500 INFO o.a.j.t.JMeterThread: Thread is done: Load Test 1-15
2025-02-20 14:27:53,500 INFO o.a.j.t.JMeterThread: Thread finished: Load Test 1-15
2025-02-20 14:27:53,500 INFO o.a.j.e.StandardJMeterEngine: Notifying test listeners of end of test
2025-02-20 14:27:53,501 INFO o.a.j.g.u.JMeterMenuBar: setRunning(false, *local*)
2025-02-20 14:28:22,259 INFO o.a.j.e.StandardJMeterEngine: Running the test!
2025-02-20 14:28:22,259 INFO o.a.j.s.SampleEvent: List of sample_variables: []
2025-02-20 14:28:22,260 INFO o.a.j.g.u.JMeterMenuBar: setRunning(true, *local*)
2025-02-20 14:28:22,307 INFO o.a.j.e.StandardJMeterEngine: Starting ThreadGroup: 1 : Load Test
2025-02-20 14:28:22,307 INFO o.a.j.e.StandardJMeterEngine: Starting 15 threads for group Load Test.
2025-02-20 14:28:22,307 INFO o.a.j.e.StandardJMeterEngine: Thread will continue on error
2025-02-20 14:28:22,307 INFO o.a.j.t.ThreadGroup: Starting thread group... number=1 threads=15 ramp-up=1 delayedStart=false
2025-02-20 14:28:22,308 INFO o.a.j.t.JMeterThread: Thread started: Load Test 1-1
2025-02-20 14:28:22,309 INFO o.a.j.t.ThreadGroup: Started thread group number 1
2025-02-20 14:28:22,309 INFO o.a.j.e.StandardJMeterEngine: All thread groups have been started
2025-02-20 14:28:22,317 INFO o.a.j.t.JMeterThread: Thread is done: Load Test 1-1
2025-02-20 14:28:22,317 INFO o.a.j.t.JMeterThread: Thread finished: Load Test 1-1
2025-02-20 14:28:22,375 INFO o.a.j.t.JMeterThread: Thread started: Load Test 1-2
2025-02-20 14:28:22,383 INFO o.a.j.t.JMeterThread: Thread is done: Load Test 1-2
2025-02-20 14:28:22,383 INFO o.a.j.t.JMeterThread: Thread finished: Load Test 1-2
2025-02-20 14:28:22,442 INFO o.a.j.t.JMeterThread: Thread started: Load Test 1-3
2025-02-20 14:28:22,450 INFO o.a.j.t.JMeterThread: Thread is done: Load Test 1-3
2025-02-20 14:28:22,450 INFO o.a.j.t.JMeterThread: Thread finished: Load Test 1-3
2025-02-20 14:28:22,511 INFO o.a.j.t.JMeterThread: Thread started: Load Test 1-4
2025-02-20 14:28:22,518 INFO o.a.j.t.JMeterThread: Thread is done: Load Test 1-4
2025-02-20 14:28:22,518 INFO o.a.j.t.JMeterThread: Thread finished: Load Test 1-4
2025-02-20 14:28:22,577 INFO o.a.j.t.JMeterThread: Thread started: Load Test 1-5
2025-02-20 14:28:22,585 INFO o.a.j.t.JMeterThread: Thread is done: Load Test 1-5
2025-02-20 14:28:22,585 INFO o.a.j.t.JMeterThread: Thread finished: Load Test 1-5
2025-02-20 14:28:22,647 INFO o.a.j.t.JMeterThread: Thread started: Load Test 1-6
2025-02-20 14:28:22,654 INFO o.a.j.t.JMeterThread: Thread is done: Load Test 1-6
2025-02-20 14:28:22,654 INFO o.a.j.t.JMeterThread: Thread finished: Load Test 1-6
2025-02-20 14:28:22,711 INFO o.a.j.t.JMeterThread: Thread started: Load Test 1-7
2025-02-20 14:28:22,718 INFO o.a.j.t.JMeterThread: Thread is done: Load Test 1-7
2025-02-20 14:28:22,718 INFO o.a.j.t.JMeterThread: Thread finished: Load Test 1-7
2025-02-20 14:28:22,778 INFO o.a.j.t.JMeterThread: Thread started: Load Test 1-8
2025-02-20 14:28:22,785 INFO o.a.j.t.JMeterThread: Thread is done: Load Test 1-8
2025-02-20 14:28:22,785 INFO o.a.j.t.JMeterThread: Thread finished: Load Test 1-8
2025-02-20 14:28:22,846 INFO o.a.j.t.JMeterThread: Thread started: Load Test 1-9
2025-02-20 14:28:22,853 INFO o.a.j.t.JMeterThread: Thread is done: Load Test 1-9
2025-02-20 14:28:22,854 INFO o.a.j.t.JMeterThread: Thread finished: Load Test 1-9
2025-02-20 14:28:22,912 INFO o.a.j.t.JMeterThread: Thread started: Load Test 1-10
2025-02-20 14:28:22,920 INFO o.a.j.t.JMeterThread: Thread is done: Load Test 1-10
2025-02-20 14:28:22,920 INFO o.a.j.t.JMeterThread: Thread finished: Load Test 1-10
2025-02-20 14:28:22,978 INFO o.a.j.t.JMeterThread: Thread started: Load Test 1-11
2025-02-20 14:28:22,985 INFO o.a.j.t.JMeterThread: Thread is done: Load Test 1-11
2025-02-20 14:28:22,986 INFO o.a.j.t.JMeterThread: Thread finished: Load Test 1-11
2025-02-20 14:28:23,045 INFO o.a.j.t.JMeterThread: Thread started: Load Test 1-12
2025-02-20 14:28:23,052 INFO o.a.j.t.JMeterThread: Thread is done: Load Test 1-12
2025-02-20 14:28:23,053 INFO o.a.j.t.JMeterThread: Thread finished: Load Test 1-12
2025-02-20 14:28:23,114 INFO o.a.j.t.JMeterThread: Thread started: Load Test 1-13
2025-02-20 14:28:23,121 INFO o.a.j.t.JMeterThread: Thread is done: Load Test 1-13
2025-02-20 14:28:23,121 INFO o.a.j.t.JMeterThread: Thread finished: Load Test 1-13
2025-02-20 14:28:23,180 INFO o.a.j.t.JMeterThread: Thread started: Load Test 1-14
2025-02-20 14:28:23,188 INFO o.a.j.t.JMeterThread: Thread is done: Load Test 1-14
2025-02-20 14:28:23,188 INFO o.a.j.t.JMeterThread: Thread finished: Load Test 1-14
2025-02-20 14:28:23,247 INFO o.a.j.t.JMeterThread: Thread started: Load Test 1-15
2025-02-20 14:28:23,254 INFO o.a.j.t.JMeterThread: Thread is done: Load Test 1-15
2025-02-20 14:28:23,254 INFO o.a.j.t.JMeterThread: Thread finished: Load Test 1-15
2025-02-20 14:28:23,255 INFO o.a.j.e.StandardJMeterEngine: Notifying test listeners of end of test
2025-02-20 14:28:23,255 INFO o.a.j.g.u.JMeterMenuBar: setRunning(false, *local*)
2025-02-20 14:28:32,385 INFO o.a.j.e.StandardJMeterEngine: Running the test!
2025-02-20 14:28:32,386 INFO o.a.j.s.SampleEvent: List of sample_variables: []
2025-02-20 14:28:32,386 INFO o.a.j.g.u.JMeterMenuBar: setRunning(true, *local*)
2025-02-20 14:28:32,428 INFO o.a.j.e.StandardJMeterEngine: Starting ThreadGroup: 1 : Load Test
2025-02-20 14:28:32,428 INFO o.a.j.e.StandardJMeterEngine: Starting 15 threads for group Load Test.
2025-02-20 14:28:32,428 INFO o.a.j.e.StandardJMeterEngine: Thread will continue on error
2025-02-20 14:28:32,428 INFO o.a.j.t.ThreadGroup: Starting thread group... number=1 threads=15 ramp-up=1 delayedStart=false
2025-02-20 14:28:32,429 INFO o.a.j.t.JMeterThread: Thread started: Load Test 1-1
2025-02-20 14:28:32,430 INFO o.a.j.t.ThreadGroup: Started thread group number 1
2025-02-20 14:28:32,430 INFO o.a.j.e.StandardJMeterEngine: All thread groups have been started
2025-02-20 14:28:32,437 INFO o.a.j.t.JMeterThread: Thread is done: Load Test 1-1
2025-02-20 14:28:32,437 INFO o.a.j.t.JMeterThread: Thread finished: Load Test 1-1
2025-02-20 14:28:32,497 INFO o.a.j.t.JMeterThread: Thread started: Load Test 1-2
2025-02-20 14:28:32,504 INFO o.a.j.t.JMeterThread: Thread is done: Load Test 1-2
2025-02-20 14:28:32,505 INFO o.a.j.t.JMeterThread: Thread finished: Load Test 1-2
2025-02-20 14:28:32,564 INFO o.a.j.t.JMeterThread: Thread started: Load Test 1-3
2025-02-20 14:28:32,574 INFO o.a.j.t.JMeterThread: Thread is done: Load Test 1-3
2025-02-20 14:28:32,574 INFO o.a.j.t.JMeterThread: Thread finished: Load Test 1-3
2025-02-20 14:28:32,630 INFO o.a.j.t.JMeterThread: Thread started: Load Test 1-4
2025-02-20 14:28:32,638 INFO o.a.j.t.JMeterThread: Thread is done: Load Test 1-4
2025-02-20 14:28:32,638 INFO o.a.j.t.JMeterThread: Thread finished: Load Test 1-4
2025-02-20 14:28:32,697 INFO o.a.j.t.JMeterThread: Thread started: Load Test 1-5
2025-02-20 14:28:32,704 INFO o.a.j.t.JMeterThread: Thread is done: Load Test 1-5
2025-02-20 14:28:32,705 INFO o.a.j.t.JMeterThread: Thread finished: Load Test 1-5
2025-02-20 14:28:32,764 INFO o.a.j.t.JMeterThread: Thread started: Load Test 1-6
2025-02-20 14:28:32,771 INFO o.a.j.t.JMeterThread: Thread is done: Load Test 1-6
2025-02-20 14:28:32,771 INFO o.a.j.t.JMeterThread: Thread finished: Load Test 1-6
2025-02-20 14:28:32,831 INFO o.a.j.t.JMeterThread: Thread started: Load Test 1-7
2025-02-20 14:28:32,838 INFO o.a.j.t.JMeterThread: Thread is done: Load Test 1-7
2025-02-20 14:28:32,838 INFO o.a.j.t.JMeterThread: Thread finished: Load Test 1-7
2025-02-20 14:28:32,899 INFO o.a.j.t.JMeterThread: Thread started: Load Test 1-8
2025-02-20 14:28:32,906 INFO o.a.j.t.JMeterThread: Thread is done: Load Test 1-8
2025-02-20 14:28:32,906 INFO o.a.j.t.JMeterThread: Thread finished: Load Test 1-8
2025-02-20 14:28:32,966 INFO o.a.j.t.JMeterThread: Thread started: Load Test 1-9
2025-02-20 14:28:32,973 INFO o.a.j.t.JMeterThread: Thread is done: Load Test 1-9
2025-02-20 14:28:32,973 INFO o.a.j.t.JMeterThread: Thread finished: Load Test 1-9
2025-02-20 14:28:33,033 INFO o.a.j.t.JMeterThread: Thread started: Load Test 1-10
2025-02-20 14:28:33,040 INFO o.a.j.t.JMeterThread: Thread is done: Load Test 1-10
2025-02-20 14:28:33,040 INFO o.a.j.t.JMeterThread: Thread finished: Load Test 1-10
2025-02-20 14:28:33,099 INFO o.a.j.t.JMeterThread: Thread started: Load Test 1-11
2025-02-20 14:28:33,106 INFO o.a.j.t.JMeterThread: Thread is done: Load Test 1-11
2025-02-20 14:28:33,106 INFO o.a.j.t.JMeterThread: Thread finished: Load Test 1-11
2025-02-20 14:28:33,167 INFO o.a.j.t.JMeterThread: Thread started: Load Test 1-12
2025-02-20 14:28:33,175 INFO o.a.j.t.JMeterThread: Thread is done: Load Test 1-12
2025-02-20 14:28:33,175 INFO o.a.j.t.JMeterThread: Thread finished: Load Test 1-12
2025-02-20 14:28:33,234 INFO o.a.j.t.JMeterThread: Thread started: Load Test 1-13
2025-02-20 14:28:33,241 INFO o.a.j.t.JMeterThread: Thread is done: Load Test 1-13
2025-02-20 14:28:33,242 INFO o.a.j.t.JMeterThread: Thread finished: Load Test 1-13
2025-02-20 14:28:33,299 INFO o.a.j.t.JMeterThread: Thread started: Load Test 1-14
2025-02-20 14:28:33,306 INFO o.a.j.t.JMeterThread: Thread is done: Load Test 1-14
2025-02-20 14:28:33,306 INFO o.a.j.t.JMeterThread: Thread finished: Load Test 1-14
2025-02-20 14:28:33,367 INFO o.a.j.t.JMeterThread: Thread started: Load Test 1-15
2025-02-20 14:28:33,374 INFO o.a.j.t.JMeterThread: Thread is done: Load Test 1-15
2025-02-20 14:28:33,374 INFO o.a.j.t.JMeterThread: Thread finished: Load Test 1-15
2025-02-20 14:28:33,375 INFO o.a.j.e.StandardJMeterEngine: Notifying test listeners of end of test
2025-02-20 14:28:33,375 INFO o.a.j.g.u.JMeterMenuBar: setRunning(false, *local*)
2025-02-20 14:29:00,747 INFO o.a.j.e.StandardJMeterEngine: Running the test!
2025-02-20 14:29:00,748 INFO o.a.j.s.SampleEvent: List of sample_variables: []
2025-02-20 14:29:00,748 INFO o.a.j.g.u.JMeterMenuBar: setRunning(true, *local*)
2025-02-20 14:29:00,791 INFO o.a.j.e.StandardJMeterEngine: Starting ThreadGroup: 1 : Load Test
2025-02-20 14:29:00,791 INFO o.a.j.e.StandardJMeterEngine: Starting 15 threads for group Load Test.
2025-02-20 14:29:00,791 INFO o.a.j.e.StandardJMeterEngine: Thread will continue on error
2025-02-20 14:29:00,791 INFO o.a.j.t.ThreadGroup: Starting thread group... number=1 threads=15 ramp-up=1 delayedStart=false
2025-02-20 14:29:00,792 INFO o.a.j.t.JMeterThread: Thread started: Load Test 1-1
2025-02-20 14:29:00,794 INFO o.a.j.t.ThreadGroup: Started thread group number 1
2025-02-20 14:29:00,794 INFO o.a.j.e.StandardJMeterEngine: All thread groups have been started
2025-02-20 14:29:00,799 INFO o.a.j.t.JMeterThread: Thread is done: Load Test 1-1
2025-02-20 14:29:00,799 INFO o.a.j.t.JMeterThread: Thread finished: Load Test 1-1
2025-02-20 14:29:00,859 INFO o.a.j.t.JMeterThread: Thread started: Load Test 1-2
2025-02-20 14:29:00,867 INFO o.a.j.t.JMeterThread: Thread is done: Load Test 1-2
2025-02-20 14:29:00,867 INFO o.a.j.t.JMeterThread: Thread finished: Load Test 1-2
2025-02-20 14:29:00,927 INFO o.a.j.t.JMeterThread: Thread started: Load Test 1-3
2025-02-20 14:29:00,934 INFO o.a.j.t.JMeterThread: Thread is done: Load Test 1-3
2025-02-20 14:29:00,934 INFO o.a.j.t.JMeterThread: Thread finished: Load Test 1-3
2025-02-20 14:29:00,998 INFO o.a.j.t.JMeterThread: Thread started: Load Test 1-4
2025-02-20 14:29:01,005 INFO o.a.j.t.JMeterThread: Thread is done: Load Test 1-4
2025-02-20 14:29:01,005 INFO o.a.j.t.JMeterThread: Thread finished: Load Test 1-4
2025-02-20 14:29:01,067 INFO o.a.j.t.JMeterThread: Thread started: Load Test 1-5
2025-02-20 14:29:01,073 INFO o.a.j.t.JMeterThread: Thread is done: Load Test 1-5
2025-02-20 14:29:01,074 INFO o.a.j.t.JMeterThread: Thread finished: Load Test 1-5
2025-02-20 14:29:01,137 INFO o.a.j.t.JMeterThread: Thread started: Load Test 1-6
2025-02-20 14:29:01,143 INFO o.a.j.t.JMeterThread: Thread is done: Load Test 1-6
2025-02-20 14:29:01,144 INFO o.a.j.t.JMeterThread: Thread finished: Load Test 1-6
2025-02-20 14:29:01,196 INFO o.a.j.t.JMeterThread: Thread started: Load Test 1-7
2025-02-20 14:29:01,203 INFO o.a.j.t.JMeterThread: Thread is done: Load Test 1-7
2025-02-20 14:29:01,203 INFO o.a.j.t.JMeterThread: Thread finished: Load Test 1-7
2025-02-20 14:29:01,263 INFO o.a.j.t.JMeterThread: Thread started: Load Test 1-8
2025-02-20 14:29:01,270 INFO o.a.j.t.JMeterThread: Thread is done: Load Test 1-8
2025-02-20 14:29:01,270 INFO o.a.j.t.JMeterThread: Thread finished: Load Test 1-8
2025-02-20 14:29:01,330 INFO o.a.j.t.JMeterThread: Thread started: Load Test 1-9
2025-02-20 14:29:01,337 INFO o.a.j.t.JMeterThread: Thread is done: Load Test 1-9
2025-02-20 14:29:01,337 INFO o.a.j.t.JMeterThread: Thread finished: Load Test 1-9
2025-02-20 14:29:01,403 INFO o.a.j.t.JMeterThread: Thread started: Load Test 1-10
2025-02-20 14:29:01,410 INFO o.a.j.t.JMeterThread: Thread is done: Load Test 1-10
2025-02-20 14:29:01,410 INFO o.a.j.t.JMeterThread: Thread finished: Load Test 1-10
2025-02-20 14:29:01,471 INFO o.a.j.t.JMeterThread: Thread started: Load Test 1-11
2025-02-20 14:29:01,478 INFO o.a.j.t.JMeterThread: Thread is done: Load Test 1-11
2025-02-20 14:29:01,479 INFO o.a.j.t.JMeterThread: Thread finished: Load Test 1-11
2025-02-20 14:29:01,538 INFO o.a.j.t.JMeterThread: Thread started: Load Test 1-12
2025-02-20 14:29:01,545 INFO o.a.j.t.JMeterThread: Thread is done: Load Test 1-12
2025-02-20 14:29:01,545 INFO o.a.j.t.JMeterThread: Thread finished: Load Test 1-12
2025-02-20 14:29:01,599 INFO o.a.j.t.JMeterThread: Thread started: Load Test 1-13
2025-02-20 14:29:01,606 INFO o.a.j.t.JMeterThread: Thread is done: Load Test 1-13
2025-02-20 14:29:01,606 INFO o.a.j.t.JMeterThread: Thread finished: Load Test 1-13
2025-02-20 14:29:01,665 INFO o.a.j.t.JMeterThread: Thread started: Load Test 1-14
2025-02-20 14:29:01,672 INFO o.a.j.t.JMeterThread: Thread is done: Load Test 1-14
2025-02-20 14:29:01,672 INFO o.a.j.t.JMeterThread: Thread finished: Load Test 1-14
2025-02-20 14:29:01,731 INFO o.a.j.t.JMeterThread: Thread started: Load Test 1-15
2025-02-20 14:29:01,738 INFO o.a.j.t.JMeterThread: Thread is done: Load Test 1-15
2025-02-20 14:29:01,738 INFO o.a.j.t.JMeterThread: Thread finished: Load Test 1-15
2025-02-20 14:29:01,739 INFO o.a.j.e.StandardJMeterEngine: Notifying test listeners of end of test
2025-02-20 14:29:01,739 INFO o.a.j.g.u.JMeterMenuBar: setRunning(false, *local*)
2025-02-20 14:29:18,950 INFO o.a.j.e.StandardJMeterEngine: Running the test!
2025-02-20 14:29:18,950 INFO o.a.j.s.SampleEvent: List of sample_variables: []
2025-02-20 14:29:18,951 INFO o.a.j.g.u.JMeterMenuBar: setRunning(true, *local*)
2025-02-20 14:29:18,993 INFO o.a.j.e.StandardJMeterEngine: Starting ThreadGroup: 1 : Load Test
2025-02-20 14:29:18,993 INFO o.a.j.e.StandardJMeterEngine: Starting 15 threads for group Load Test.
2025-02-20 14:29:18,993 INFO o.a.j.e.StandardJMeterEngine: Thread will continue on error
2025-02-20 14:29:18,993 INFO o.a.j.t.ThreadGroup: Starting thread group... number=1 threads=15 ramp-up=1 delayedStart=false
2025-02-20 14:29:18,995 INFO o.a.j.t.JMeterThread: Thread started: Load Test 1-1
2025-02-20 14:29:18,995 INFO o.a.j.t.ThreadGroup: Started thread group number 1
2025-02-20 14:29:18,995 INFO o.a.j.e.StandardJMeterEngine: All thread groups have been started
2025-02-20 14:29:19,006 INFO o.a.j.t.JMeterThread: Thread is done: Load Test 1-1
2025-02-20 14:29:19,006 INFO o.a.j.t.JMeterThread: Thread finished: Load Test 1-1
2025-02-20 14:29:19,061 INFO o.a.j.t.JMeterThread: Thread started: Load Test 1-2
2025-02-20 14:29:19,069 INFO o.a.j.t.JMeterThread: Thread is done: Load Test 1-2
2025-02-20 14:29:19,070 INFO o.a.j.t.JMeterThread: Thread finished: Load Test 1-2
2025-02-20 14:29:19,131 INFO o.a.j.t.JMeterThread: Thread started: Load Test 1-3
2025-02-20 14:29:19,139 INFO o.a.j.t.JMeterThread: Thread is done: Load Test 1-3
2025-02-20 14:29:19,140 INFO o.a.j.t.JMeterThread: Thread finished: Load Test 1-3
2025-02-20 14:29:19,196 INFO o.a.j.t.JMeterThread: Thread started: Load Test 1-4
2025-02-20 14:29:19,204 INFO o.a.j.t.JMeterThread: Thread is done: Load Test 1-4
2025-02-20 14:29:19,205 INFO o.a.j.t.JMeterThread: Thread finished: Load Test 1-4
2025-02-20 14:29:19,262 INFO o.a.j.t.JMeterThread: Thread started: Load Test 1-5
2025-02-20 14:29:19,271 INFO o.a.j.t.JMeterThread: Thread is done: Load Test 1-5
2025-02-20 14:29:19,271 INFO o.a.j.t.JMeterThread: Thread finished: Load Test 1-5
2025-02-20 14:29:19,332 INFO o.a.j.t.JMeterThread: Thread started: Load Test 1-6
2025-02-20 14:29:19,341 INFO o.a.j.t.JMeterThread: Thread is done: Load Test 1-6
2025-02-20 14:29:19,341 INFO o.a.j.t.JMeterThread: Thread finished: Load Test 1-6
2025-02-20 14:29:19,398 INFO o.a.j.t.JMeterThread: Thread started: Load Test 1-7
2025-02-20 14:29:19,406 INFO o.a.j.t.JMeterThread: Thread is done: Load Test 1-7
2025-02-20 14:29:19,406 INFO o.a.j.t.JMeterThread: Thread finished: Load Test 1-7
2025-02-20 14:29:19,464 INFO o.a.j.t.JMeterThread: Thread started: Load Test 1-8
2025-02-20 14:29:19,472 INFO o.a.j.t.JMeterThread: Thread is done: Load Test 1-8
2025-02-20 14:29:19,472 INFO o.a.j.t.JMeterThread: Thread finished: Load Test 1-8
2025-02-20 14:29:19,530 INFO o.a.j.t.JMeterThread: Thread started: Load Test 1-9
2025-02-20 14:29:19,539 INFO o.a.j.t.JMeterThread: Thread is done: Load Test 1-9
2025-02-20 14:29:19,539 INFO o.a.j.t.JMeterThread: Thread finished: Load Test 1-9
2025-02-20 14:29:19,597 INFO o.a.j.t.JMeterThread: Thread started: Load Test 1-10
2025-02-20 14:29:19,605 INFO o.a.j.t.JMeterThread: Thread is done: Load Test 1-10
2025-02-20 14:29:19,605 INFO o.a.j.t.JMeterThread: Thread finished: Load Test 1-10
2025-02-20 14:29:19,664 INFO o.a.j.t.JMeterThread: Thread started: Load Test 1-11
2025-02-20 14:29:19,672 INFO o.a.j.t.JMeterThread: Thread is done: Load Test 1-11
2025-02-20 14:29:19,672 INFO o.a.j.t.JMeterThread: Thread finished: Load Test 1-11
2025-02-20 14:29:19,731 INFO o.a.j.t.JMeterThread: Thread started: Load Test 1-12
2025-02-20 14:29:19,739 INFO o.a.j.t.JMeterThread: Thread is done: Load Test 1-12
2025-02-20 14:29:19,739 INFO o.a.j.t.JMeterThread: Thread finished: Load Test 1-12
2025-02-20 14:29:19,799 INFO o.a.j.t.JMeterThread: Thread started: Load Test 1-13
2025-02-20 14:29:19,806 INFO o.a.j.t.JMeterThread: Thread is done: Load Test 1-13
2025-02-20 14:29:19,806 INFO o.a.j.t.JMeterThread: Thread finished: Load Test 1-13
2025-02-20 14:29:19,867 INFO o.a.j.t.JMeterThread: Thread started: Load Test 1-14
2025-02-20 14:29:19,875 INFO o.a.j.t.JMeterThread: Thread is done: Load Test 1-14
2025-02-20 14:29:19,875 INFO o.a.j.t.JMeterThread: Thread finished: Load Test 1-14
2025-02-20 14:29:19,933 INFO o.a.j.t.JMeterThread: Thread started: Load Test 1-15
2025-02-20 14:29:19,940 INFO o.a.j.t.JMeterThread: Thread is done: Load Test 1-15
2025-02-20 14:29:19,940 INFO o.a.j.t.JMeterThread: Thread finished: Load Test 1-15
2025-02-20 14:29:19,941 INFO o.a.j.e.StandardJMeterEngine: Notifying test listeners of end of test
2025-02-20 14:29:19,941 INFO o.a.j.g.u.JMeterMenuBar: setRunning(false, *local*)
2025-02-20 14:30:00,370 INFO o.a.j.e.StandardJMeterEngine: Running the test!
2025-02-20 14:30:00,371 INFO o.a.j.s.SampleEvent: List of sample_variables: []
2025-02-20 14:30:00,371 INFO o.a.j.g.u.JMeterMenuBar: setRunning(true, *local*)
2025-02-20 14:30:00,412 INFO o.a.j.e.StandardJMeterEngine: Starting ThreadGroup: 1 : Load Test
2025-02-20 14:30:00,412 INFO o.a.j.e.StandardJMeterEngine: Starting 15 threads for group Load Test.
2025-02-20 14:30:00,413 INFO o.a.j.e.StandardJMeterEngine: Thread will continue on error
2025-02-20 14:30:00,413 INFO o.a.j.t.ThreadGroup: Starting thread group... number=1 threads=15 ramp-up=1 delayedStart=false
2025-02-20 14:30:00,413 INFO o.a.j.t.JMeterThread: Thread started: Load Test 1-1
2025-02-20 14:30:00,415 INFO o.a.j.t.ThreadGroup: Started thread group number 1
2025-02-20 14:30:00,415 INFO o.a.j.e.StandardJMeterEngine: All thread groups have been started
2025-02-20 14:30:00,423 INFO o.a.j.t.JMeterThread: Thread is done: Load Test 1-1
2025-02-20 14:30:00,424 INFO o.a.j.t.JMeterThread: Thread finished: Load Test 1-1
2025-02-20 14:30:00,481 INFO o.a.j.t.JMeterThread: Thread started: Load Test 1-2
2025-02-20 14:30:00,489 INFO o.a.j.t.JMeterThread: Thread is done: Load Test 1-2
2025-02-20 14:30:00,489 INFO o.a.j.t.JMeterThread: Thread finished: Load Test 1-2
2025-02-20 14:30:00,548 INFO o.a.j.t.JMeterThread: Thread started: Load Test 1-3
2025-02-20 14:30:00,556 INFO o.a.j.t.JMeterThread: Thread is done: Load Test 1-3
2025-02-20 14:30:00,556 INFO o.a.j.t.JMeterThread: Thread finished: Load Test 1-3
2025-02-20 14:30:00,615 INFO o.a.j.t.JMeterThread: Thread started: Load Test 1-4
2025-02-20 14:30:00,622 INFO o.a.j.t.JMeterThread: Thread is done: Load Test 1-4
2025-02-20 14:30:00,623 INFO o.a.j.t.JMeterThread: Thread finished: Load Test 1-4
2025-02-20 14:30:00,684 INFO o.a.j.t.JMeterThread: Thread started: Load Test 1-5
2025-02-20 14:30:00,691 INFO o.a.j.t.JMeterThread: Thread is done: Load Test 1-5
2025-02-20 14:30:00,692 INFO o.a.j.t.JMeterThread: Thread finished: Load Test 1-5
2025-02-20 14:30:00,750 INFO o.a.j.t.JMeterThread: Thread started: Load Test 1-6
2025-02-20 14:30:00,758 INFO o.a.j.t.JMeterThread: Thread is done: Load Test 1-6
2025-02-20 14:30:00,758 INFO o.a.j.t.JMeterThread: Thread finished: Load Test 1-6
2025-02-20 14:30:00,817 INFO o.a.j.t.JMeterThread: Thread started: Load Test 1-7
2025-02-20 14:30:00,824 INFO o.a.j.t.JMeterThread: Thread is done: Load Test 1-7
2025-02-20 14:30:00,824 INFO o.a.j.t.JMeterThread: Thread finished: Load Test 1-7
2025-02-20 14:30:00,883 INFO o.a.j.t.JMeterThread: Thread started: Load Test 1-8
2025-02-20 14:30:00,890 INFO o.a.j.t.JMeterThread: Thread is done: Load Test 1-8
2025-02-20 14:30:00,890 INFO o.a.j.t.JMeterThread: Thread finished: Load Test 1-8
2025-02-20 14:30:00,951 INFO o.a.j.t.JMeterThread: Thread started: Load Test 1-9
2025-02-20 14:30:00,958 INFO o.a.j.t.JMeterThread: Thread is done: Load Test 1-9
2025-02-20 14:30:00,958 INFO o.a.j.t.JMeterThread: Thread finished: Load Test 1-9
2025-02-20 14:30:01,018 INFO o.a.j.t.JMeterThread: Thread started: Load Test 1-10
2025-02-20 14:30:01,025 INFO o.a.j.t.JMeterThread: Thread is done: Load Test 1-10
2025-02-20 14:30:01,026 INFO o.a.j.t.JMeterThread: Thread finished: Load Test 1-10
2025-02-20 14:30:01,087 INFO o.a.j.t.JMeterThread: Thread started: Load Test 1-11
2025-02-20 14:30:01,094 INFO o.a.j.t.JMeterThread: Thread is done: Load Test 1-11
2025-02-20 14:30:01,094 INFO o.a.j.t.JMeterThread: Thread finished: Load Test 1-11
2025-02-20 14:30:01,152 INFO o.a.j.t.JMeterThread: Thread started: Load Test 1-12
2025-02-20 14:30:01,160 INFO o.a.j.t.JMeterThread: Thread is done: Load Test 1-12
2025-02-20 14:30:01,160 INFO o.a.j.t.JMeterThread: Thread finished: Load Test 1-12
2025-02-20 14:30:01,219 INFO o.a.j.t.JMeterThread: Thread started: Load Test 1-13
2025-02-20 14:30:01,226 INFO o.a.j.t.JMeterThread: Thread is done: Load Test 1-13
2025-02-20 14:30:01,227 INFO o.a.j.t.JMeterThread: Thread finished: Load Test 1-13
2025-02-20 14:30:01,287 INFO o.a.j.t.JMeterThread: Thread started: Load Test 1-14
2025-02-20 14:30:01,295 INFO o.a.j.t.JMeterThread: Thread is done: Load Test 1-14
2025-02-20 14:30:01,296 INFO o.a.j.t.JMeterThread: Thread finished: Load Test 1-14
2025-02-20 14:30:01,353 INFO o.a.j.t.JMeterThread: Thread started: Load Test 1-15
2025-02-20 14:30:01,360 INFO o.a.j.t.JMeterThread: Thread is done: Load Test 1-15
2025-02-20 14:30:01,361 INFO o.a.j.t.JMeterThread: Thread finished: Load Test 1-15
2025-02-20 14:30:01,361 INFO o.a.j.e.StandardJMeterEngine: Notifying test listeners of end of test
2025-02-20 14:30:01,361 INFO o.a.j.g.u.JMeterMenuBar: setRunning(false, *local*)
2025-02-20 14:30:45,563 INFO o.a.j.e.StandardJMeterEngine: Running the test!
2025-02-20 14:30:45,563 INFO o.a.j.s.SampleEvent: List of sample_variables: []
2025-02-20 14:30:45,564 INFO o.a.j.g.u.JMeterMenuBar: setRunning(true, *local*)
2025-02-20 14:30:45,608 INFO o.a.j.e.StandardJMeterEngine: Starting ThreadGroup: 1 : Load Test
2025-02-20 14:30:45,608 INFO o.a.j.e.StandardJMeterEngine: Starting 15 threads for group Load Test.
2025-02-20 14:30:45,608 INFO o.a.j.e.StandardJMeterEngine: Thread will continue on error
2025-02-20 14:30:45,609 INFO o.a.j.t.ThreadGroup: Starting thread group... number=1 threads=15 ramp-up=1 delayedStart=false
2025-02-20 14:30:45,609 INFO o.a.j.t.JMeterThread: Thread started: Load Test 1-1
2025-02-20 14:30:45,610 INFO o.a.j.t.ThreadGroup: Started thread group number 1
2025-02-20 14:30:45,611 INFO o.a.j.e.StandardJMeterEngine: All thread groups have been started
2025-02-20 14:30:45,617 INFO o.a.j.t.JMeterThread: Thread is done: Load Test 1-1
2025-02-20 14:30:45,617 INFO o.a.j.t.JMeterThread: Thread finished: Load Test 1-1
2025-02-20 14:30:45,677 INFO o.a.j.t.JMeterThread: Thread started: Load Test 1-2
2025-02-20 14:30:45,684 INFO o.a.j.t.JMeterThread: Thread is done: Load Test 1-2
2025-02-20 14:30:45,685 INFO o.a.j.t.JMeterThread: Thread finished: Load Test 1-2
2025-02-20 14:30:45,744 INFO o.a.j.t.JMeterThread: Thread started: Load Test 1-3
2025-02-20 14:30:45,752 INFO o.a.j.t.JMeterThread: Thread is done: Load Test 1-3
2025-02-20 14:30:45,752 INFO o.a.j.t.JMeterThread: Thread finished: Load Test 1-3
2025-02-20 14:30:45,811 INFO o.a.j.t.JMeterThread: Thread started: Load Test 1-4
2025-02-20 14:30:45,818 INFO o.a.j.t.JMeterThread: Thread is done: Load Test 1-4
2025-02-20 14:30:45,818 INFO o.a.j.t.JMeterThread: Thread finished: Load Test 1-4
2025-02-20 14:30:45,879 INFO o.a.j.t.JMeterThread: Thread started: Load Test 1-5
2025-02-20 14:30:45,886 INFO o.a.j.t.JMeterThread: Thread is done: Load Test 1-5
2025-02-20 14:30:45,886 INFO o.a.j.t.JMeterThread: Thread finished: Load Test 1-5
2025-02-20 14:30:45,947 INFO o.a.j.t.JMeterThread: Thread started: Load Test 1-6
2025-02-20 14:30:45,954 INFO o.a.j.t.JMeterThread: Thread is done: Load Test 1-6
2025-02-20 14:30:45,955 INFO o.a.j.t.JMeterThread: Thread finished: Load Test 1-6
2025-02-20 14:30:46,014 INFO o.a.j.t.JMeterThread: Thread started: Load Test 1-7
2025-02-20 14:30:46,021 INFO o.a.j.t.JMeterThread: Thread is done: Load Test 1-7
2025-02-20 14:30:46,021 INFO o.a.j.t.JMeterThread: Thread finished: Load Test 1-7
2025-02-20 14:30:46,081 INFO o.a.j.t.JMeterThread: Thread started: Load Test 1-8
2025-02-20 14:30:46,089 INFO o.a.j.t.JMeterThread: Thread is done: Load Test 1-8
2025-02-20 14:30:46,089 INFO o.a.j.t.JMeterThread: Thread finished: Load Test 1-8
2025-02-20 14:30:46,146 INFO o.a.j.t.JMeterThread: Thread started: Load Test 1-9
2025-02-20 14:30:46,154 INFO o.a.j.t.JMeterThread: Thread is done: Load Test 1-9
2025-02-20 14:30:46,154 INFO o.a.j.t.JMeterThread: Thread finished: Load Test 1-9
2025-02-20 14:30:46,214 INFO o.a.j.t.JMeterThread: Thread started: Load Test 1-10
2025-02-20 14:30:46,222 INFO o.a.j.t.JMeterThread: Thread is done: Load Test 1-10
2025-02-20 14:30:46,222 INFO o.a.j.t.JMeterThread: Thread finished: Load Test 1-10
2025-02-20 14:30:46,280 INFO o.a.j.t.JMeterThread: Thread started: Load Test 1-11
2025-02-20 14:30:46,287 INFO o.a.j.t.JMeterThread: Thread is done: Load Test 1-11
2025-02-20 14:30:46,287 INFO o.a.j.t.JMeterThread: Thread finished: Load Test 1-11
2025-02-20 14:30:46,349 INFO o.a.j.t.JMeterThread: Thread started: Load Test 1-12
2025-02-20 14:30:46,356 INFO o.a.j.t.JMeterThread: Thread is done: Load Test 1-12
2025-02-20 14:30:46,356 INFO o.a.j.t.JMeterThread: Thread finished: Load Test 1-12
2025-02-20 14:30:46,417 INFO o.a.j.t.JMeterThread: Thread started: Load Test 1-13
2025-02-20 14:30:46,427 INFO o.a.j.t.JMeterThread: Thread is done: Load Test 1-13
2025-02-20 14:30:46,427 INFO o.a.j.t.JMeterThread: Thread finished: Load Test 1-13
2025-02-20 14:30:46,484 INFO o.a.j.t.JMeterThread: Thread started: Load Test 1-14
2025-02-20 14:30:46,491 INFO o.a.j.t.JMeterThread: Thread is done: Load Test 1-14
2025-02-20 14:30:46,491 INFO o.a.j.t.JMeterThread: Thread finished: Load Test 1-14
2025-02-20 14:30:46,550 INFO o.a.j.t.JMeterThread: Thread started: Load Test 1-15
2025-02-20 14:30:46,558 INFO o.a.j.t.JMeterThread: Thread is done: Load Test 1-15
2025-02-20 14:30:46,558 INFO o.a.j.t.JMeterThread: Thread finished: Load Test 1-15
2025-02-20 14:30:46,558 INFO o.a.j.e.StandardJMeterEngine: Notifying test listeners of end of test
2025-02-20 14:30:46,558 INFO o.a.j.g.u.JMeterMenuBar: setRunning(false, *local*)
2025-02-20 14:31:57,101 INFO o.a.j.s.FileServer: Set new base='C:\Users\FedosPopados\IdeaProjects\tacocloud\apache-jmeter-5.6.3\bin\TestTaco'
2025-02-20 14:37:50,315 INFO o.a.j.e.StandardJMeterEngine: Running the test!
2025-02-20 14:37:50,315 INFO o.a.j.s.SampleEvent: List of sample_variables: []
2025-02-20 14:37:50,315 INFO o.a.j.g.u.JMeterMenuBar: setRunning(true, *local*)
2025-02-20 14:37:50,362 INFO o.a.j.e.StandardJMeterEngine: Starting ThreadGroup: 1 : Load Test
2025-02-20 14:37:50,362 INFO o.a.j.e.StandardJMeterEngine: Starting 15 threads for group Load Test.
2025-02-20 14:37:50,362 INFO o.a.j.e.StandardJMeterEngine: Thread will continue on error
2025-02-20 14:37:50,362 INFO o.a.j.t.ThreadGroup: Starting thread group... number=1 threads=15 ramp-up=1 delayedStart=false
2025-02-20 14:37:50,363 INFO o.a.j.t.JMeterThread: Thread started: Load Test 1-1
2025-02-20 14:37:50,365 INFO o.a.j.t.ThreadGroup: Started thread group number 1
2025-02-20 14:37:50,365 INFO o.a.j.e.StandardJMeterEngine: All thread groups have been started
2025-02-20 14:37:50,372 INFO o.a.j.t.JMeterThread: Thread is done: Load Test 1-1
2025-02-20 14:37:50,372 INFO o.a.j.t.JMeterThread: Thread finished: Load Test 1-1
2025-02-20 14:37:50,432 INFO o.a.j.t.JMeterThread: Thread started: Load Test 1-2
2025-02-20 14:37:50,436 INFO o.a.j.t.JMeterThread: Thread is done: Load Test 1-2
2025-02-20 14:37:50,436 INFO o.a.j.t.JMeterThread: Thread finished: Load Test 1-2
2025-02-20 14:37:50,497 INFO o.a.j.t.JMeterThread: Thread started: Load Test 1-3
2025-02-20 14:37:50,500 INFO o.a.j.t.JMeterThread: Thread is done: Load Test 1-3
2025-02-20 14:37:50,500 INFO o.a.j.t.JMeterThread: Thread finished: Load Test 1-3
2025-02-20 14:37:50,565 INFO o.a.j.t.JMeterThread: Thread started: Load Test 1-4
2025-02-20 14:37:50,569 INFO o.a.j.t.JMeterThread: Thread is done: Load Test 1-4
2025-02-20 14:37:50,569 INFO o.a.j.t.JMeterThread: Thread finished: Load Test 1-4
2025-02-20 14:37:50,632 INFO o.a.j.t.JMeterThread: Thread started: Load Test 1-5
2025-02-20 14:37:50,636 INFO o.a.j.t.JMeterThread: Thread is done: Load Test 1-5
2025-02-20 14:37:50,636 INFO o.a.j.t.JMeterThread: Thread finished: Load Test 1-5
2025-02-20 14:37:50,698 INFO o.a.j.t.JMeterThread: Thread started: Load Test 1-6
2025-02-20 14:37:50,702 INFO o.a.j.t.JMeterThread: Thread is done: Load Test 1-6
2025-02-20 14:37:50,702 INFO o.a.j.t.JMeterThread: Thread finished: Load Test 1-6
2025-02-20 14:37:50,765 INFO o.a.j.t.JMeterThread: Thread started: Load Test 1-7
2025-02-20 14:37:50,769 INFO o.a.j.t.JMeterThread: Thread is done: Load Test 1-7
2025-02-20 14:37:50,769 INFO o.a.j.t.JMeterThread: Thread finished: Load Test 1-7
2025-02-20 14:37:50,833 INFO o.a.j.t.JMeterThread: Thread started: Load Test 1-8
2025-02-20 14:37:50,837 INFO o.a.j.t.JMeterThread: Thread is done: Load Test 1-8
2025-02-20 14:37:50,837 INFO o.a.j.t.JMeterThread: Thread finished: Load Test 1-8
2025-02-20 14:37:50,901 INFO o.a.j.t.JMeterThread: Thread started: Load Test 1-9
2025-02-20 14:37:50,905 INFO o.a.j.t.JMeterThread: Thread is done: Load Test 1-9
2025-02-20 14:37:50,905 INFO o.a.j.t.JMeterThread: Thread finished: Load Test 1-9
2025-02-20 14:37:50,967 INFO o.a.j.t.JMeterThread: Thread started: Load Test 1-10
2025-02-20 14:37:50,971 INFO o.a.j.t.JMeterThread: Thread is done: Load Test 1-10
2025-02-20 14:37:50,971 INFO o.a.j.t.JMeterThread: Thread finished: Load Test 1-10
2025-02-20 14:37:51,033 INFO o.a.j.t.JMeterThread: Thread started: Load Test 1-11
2025-02-20 14:37:51,037 INFO o.a.j.t.JMeterThread: Thread is done: Load Test 1-11
2025-02-20 14:37:51,037 INFO o.a.j.t.JMeterThread: Thread finished: Load Test 1-11
2025-02-20 14:37:51,100 INFO o.a.j.t.JMeterThread: Thread started: Load Test 1-12
2025-02-20 14:37:51,104 INFO o.a.j.t.JMeterThread: Thread is done: Load Test 1-12
2025-02-20 14:37:51,104 INFO o.a.j.t.JMeterThread: Thread finished: Load Test 1-12
2025-02-20 14:37:51,167 INFO o.a.j.t.JMeterThread: Thread started: Load Test 1-13
2025-02-20 14:37:51,171 INFO o.a.j.t.JMeterThread: Thread is done: Load Test 1-13
2025-02-20 14:37:51,171 INFO o.a.j.t.JMeterThread: Thread finished: Load Test 1-13
2025-02-20 14:37:51,237 INFO o.a.j.t.JMeterThread: Thread started: Load Test 1-14
2025-02-20 14:37:51,241 INFO o.a.j.t.JMeterThread: Thread is done: Load Test 1-14
2025-02-20 14:37:51,241 INFO o.a.j.t.JMeterThread: Thread finished: Load Test 1-14
2025-02-20 14:37:51,304 INFO o.a.j.t.JMeterThread: Thread started: Load Test 1-15
2025-02-20 14:37:51,308 INFO o.a.j.t.JMeterThread: Thread is done: Load Test 1-15
2025-02-20 14:37:51,308 INFO o.a.j.t.JMeterThread: Thread finished: Load Test 1-15
2025-02-20 14:37:51,309 INFO o.a.j.e.StandardJMeterEngine: Notifying test listeners of end of test
2025-02-20 14:37:51,309 INFO o.a.j.g.u.JMeterMenuBar: setRunning(false, *local*)
2025-02-20 14:38:32,708 INFO o.a.j.e.StandardJMeterEngine: Running the test!
2025-02-20 14:38:32,708 INFO o.a.j.s.SampleEvent: List of sample_variables: []
2025-02-20 14:38:32,708 INFO o.a.j.g.u.JMeterMenuBar: setRunning(true, *local*)
2025-02-20 14:38:32,751 INFO o.a.j.e.StandardJMeterEngine: Starting ThreadGroup: 1 : Load Test
2025-02-20 14:38:32,752 INFO o.a.j.e.StandardJMeterEngine: Starting 15 threads for group Load Test.
2025-02-20 14:38:32,752 INFO o.a.j.e.StandardJMeterEngine: Thread will continue on error
2025-02-20 14:38:32,752 INFO o.a.j.t.ThreadGroup: Starting thread group... number=1 threads=15 ramp-up=1 delayedStart=false
2025-02-20 14:38:32,752 INFO o.a.j.t.JMeterThread: Thread started: Load Test 1-1
2025-02-20 14:38:32,754 INFO o.a.j.t.ThreadGroup: Started thread group number 1
2025-02-20 14:38:32,754 INFO o.a.j.e.StandardJMeterEngine: All thread groups have been started
2025-02-20 14:38:32,763 INFO o.a.j.t.JMeterThread: Thread is done: Load Test 1-1
2025-02-20 14:38:32,763 INFO o.a.j.t.JMeterThread: Thread finished: Load Test 1-1
2025-02-20 14:38:32,820 INFO o.a.j.t.JMeterThread: Thread started: Load Test 1-2
2025-02-20 14:38:32,830 INFO o.a.j.t.JMeterThread: Thread is done: Load Test 1-2
2025-02-20 14:38:32,830 INFO o.a.j.t.JMeterThread: Thread finished: Load Test 1-2
2025-02-20 14:38:32,888 INFO o.a.j.t.JMeterThread: Thread started: Load Test 1-3
2025-02-20 14:38:32,898 INFO o.a.j.t.JMeterThread: Thread is done: Load Test 1-3
2025-02-20 14:38:32,898 INFO o.a.j.t.JMeterThread: Thread finished: Load Test 1-3
2025-02-20 14:38:32,955 INFO o.a.j.t.JMeterThread: Thread started: Load Test 1-4
2025-02-20 14:38:32,965 INFO o.a.j.t.JMeterThread: Thread is done: Load Test 1-4
2025-02-20 14:38:32,965 INFO o.a.j.t.JMeterThread: Thread finished: Load Test 1-4
2025-02-20 14:38:33,024 INFO o.a.j.t.JMeterThread: Thread started: Load Test 1-5
2025-02-20 14:38:33,033 INFO o.a.j.t.JMeterThread: Thread is done: Load Test 1-5
2025-02-20 14:38:33,033 INFO o.a.j.t.JMeterThread: Thread finished: Load Test 1-5
2025-02-20 14:38:33,089 INFO o.a.j.t.JMeterThread: Thread started: Load Test 1-6
2025-02-20 14:38:33,098 INFO o.a.j.t.JMeterThread: Thread is done: Load Test 1-6
2025-02-20 14:38:33,098 INFO o.a.j.t.JMeterThread: Thread finished: Load Test 1-6
2025-02-20 14:38:33,156 INFO o.a.j.t.JMeterThread: Thread started: Load Test 1-7
2025-02-20 14:38:33,164 INFO o.a.j.t.JMeterThread: Thread is done: Load Test 1-7
2025-02-20 14:38:33,165 INFO o.a.j.t.JMeterThread: Thread finished: Load Test 1-7
2025-02-20 14:38:33,225 INFO o.a.j.t.JMeterThread: Thread started: Load Test 1-8
2025-02-20 14:38:33,235 INFO o.a.j.t.JMeterThread: Thread is done: Load Test 1-8
2025-02-20 14:38:33,235 INFO o.a.j.t.JMeterThread: Thread finished: Load Test 1-8
2025-02-20 14:38:33,290 INFO o.a.j.t.JMeterThread: Thread started: Load Test 1-9
2025-02-20 14:38:33,299 INFO o.a.j.t.JMeterThread: Thread is done: Load Test 1-9
2025-02-20 14:38:33,299 INFO o.a.j.t.JMeterThread: Thread finished: Load Test 1-9
2025-02-20 14:38:33,358 INFO o.a.j.t.JMeterThread: Thread started: Load Test 1-10
2025-02-20 14:38:33,367 INFO o.a.j.t.JMeterThread: Thread is done: Load Test 1-10
2025-02-20 14:38:33,367 INFO o.a.j.t.JMeterThread: Thread finished: Load Test 1-10
2025-02-20 14:38:33,427 INFO o.a.j.t.JMeterThread: Thread started: Load Test 1-11
2025-02-20 14:38:33,436 INFO o.a.j.t.JMeterThread: Thread is done: Load Test 1-11
2025-02-20 14:38:33,436 INFO o.a.j.t.JMeterThread: Thread finished: Load Test 1-11
2025-02-20 14:38:33,493 INFO o.a.j.t.JMeterThread: Thread started: Load Test 1-12
2025-02-20 14:38:33,502 INFO o.a.j.t.JMeterThread: Thread is done: Load Test 1-12
2025-02-20 14:38:33,502 INFO o.a.j.t.JMeterThread: Thread finished: Load Test 1-12
2025-02-20 14:38:33,559 INFO o.a.j.t.JMeterThread: Thread started: Load Test 1-13
2025-02-20 14:38:33,568 INFO o.a.j.t.JMeterThread: Thread is done: Load Test 1-13
2025-02-20 14:38:33,568 INFO o.a.j.t.JMeterThread: Thread finished: Load Test 1-13
2025-02-20 14:38:33,625 INFO o.a.j.t.JMeterThread: Thread started: Load Test 1-14
2025-02-20 14:38:33,640 INFO o.a.j.t.JMeterThread: Thread is done: Load Test 1-14
2025-02-20 14:38:33,640 INFO o.a.j.t.JMeterThread: Thread finished: Load Test 1-14
2025-02-20 14:38:33,691 INFO o.a.j.t.JMeterThread: Thread started: Load Test 1-15
2025-02-20 14:38:33,700 INFO o.a.j.t.JMeterThread: Thread is done: Load Test 1-15
2025-02-20 14:38:33,700 INFO o.a.j.t.JMeterThread: Thread finished: Load Test 1-15
2025-02-20 14:38:33,700 INFO o.a.j.e.StandardJMeterEngine: Notifying test listeners of end of test
2025-02-20 14:38:33,701 INFO o.a.j.g.u.JMeterMenuBar: setRunning(false, *local*)
